<?xml version="1.0" encoding="UTF-8"?>
<testng-results skipped="0" failed="0" ignored="0" total="1" passed="1">
  <reporter-output>
  </reporter-output>
  <suite name="Default suite" duration-ms="6171" started-at="2020-08-17T14:01:56 EEST" finished-at="2020-08-17T14:02:03 EEST">
    <groups>
    </groups>
    <test name="Default test" duration-ms="6171" started-at="2020-08-17T14:01:56 EEST" finished-at="2020-08-17T14:02:03 EEST">
      <class name="tests.SecondTest">
        <test-method status="PASS" signature="beforeTest1()[pri:0, instance:tests.SecondTest@131276c2]" name="beforeTest1" is-config="true" duration-ms="5127" started-at="2020-08-17T14:01:56 EEST" finished-at="2020-08-17T14:02:02 EEST">
          <reporter-output>
          </reporter-output>
        </test-method> <!-- beforeTest1 -->
        <test-method status="PASS" signature="rozetka2()[pri:0, instance:tests.SecondTest@131276c2]" name="rozetka2" duration-ms="1018" started-at="2020-08-17T14:02:02 EEST" finished-at="2020-08-17T14:02:03 EEST">
          <reporter-output>
          </reporter-output>
        </test-method> <!-- rozetka2 -->
        <test-method status="PASS" signature="closeBrowser()[pri:0, instance:tests.SecondTest@131276c2]" name="closeBrowser" is-config="true" duration-ms="0" started-at="2020-08-17T14:02:03 EEST" finished-at="2020-08-17T14:02:03 EEST">
          <reporter-output>
          </reporter-output>
        </test-method> <!-- closeBrowser -->
      </class> <!-- tests.SecondTest -->
    </test> <!-- Default test -->
  </suite> <!-- Default suite -->
</testng-results>
